FILE_TYPE=LIBRARY_PARTS;
PRIMITIVE 'EEE_1CA101AP','EEE_1CA101AP_Other';
  PIN
    '+':
      PIN_NUMBER='(1)';
      NO_LOAD_CHECK=BOTH;
      NO_IO_CHECK=BOTH;
      ALLOW_CONNECT=TRUE;
      PINUSE='UNSPEC';
    '-':
      PIN_NUMBER='(2)';
      NO_LOAD_CHECK=BOTH;
      NO_IO_CHECK=BOTH;
      ALLOW_CONNECT=TRUE;
      PINUSE='UNSPEC';
  END_PIN;
  BODY
    PART_NAME='EEE_1CA101AP';
    PHYS_DES_PREFIX='C';
    NO_LOAD_CHECK='TRUE';
    PIN_COUNT='2';
    BODY_NAME='EEE_1CA101AP';
    JEDEC_TYPE='EEE1AA221P';
  END_BODY;
END_PRIMITIVE;
END.
