FILE_TYPE=LIBRARY_PARTS;
PRIMITIVE '865060462010','865060462010_Capacitor Al Electrolytic';
  PIN
    '+':
      PIN_NUMBER='(2)';
      NO_LOAD_CHECK=BOTH;
      NO_IO_CHECK=BOTH;
      ALLOW_CONNECT=TRUE;
      PINUSE='UNSPEC';
    '-':
      PIN_NUMBER='(1)';
      NO_LOAD_CHECK=BOTH;
      NO_IO_CHECK=BOTH;
      ALLOW_CONNECT=TRUE;
      PINUSE='UNSPEC';
  END_PIN;
  BODY
    PART_NAME='865060462010';
    PHYS_DES_PREFIX='C';
    NO_LOAD_CHECK='TRUE';
    PIN_COUNT='2';
    BODY_NAME='865060462010';
    JEDEC_TYPE='CAPAE1350X1400N';
  END_BODY;
END_PRIMITIVE;
END.
